INFO:root:Started
INFO:root:Started
INFO:root:Stopword settings set
WARNING:root:Connecting to the pyProcessors server may take a while
INFO:requests.packages.urllib3.connectionpool:Starting new HTTP connection (1): localhost
DEBUG:requests.packages.urllib3.connectionpool:"POST /annotate HTTP/1.1" 200 174
INFO:processors.api:Connection with server established!
INFO:requests.packages.urllib3.connectionpool:Starting new HTTP connection (1): localhost
DEBUG:requests.packages.urllib3.connectionpool:"POST /version HTTP/1.1" 200 17
INFO:processors.api:Server version meets recommendations (v2.9)
INFO:root:Connected to pyProcessors
INFO:requests.packages.urllib3.connectionpool:Starting new HTTP connection (1): localhost
DEBUG:requests.packages.urllib3.connectionpool:"POST /bionlp/annotate HTTP/1.1" 200 738
INFO:root:Annotated something random to initialize bioNLP Processor
INFO:root:Started
INFO:root:cleaning user input
INFO:root:PMID is in the database
INFO:root:self info: done in 0.210s.
INFO:root:citation no. 1 ...
INFO:root:citation no. 2 ...
INFO:root:citation no. 3 ...
INFO:root:citation no. 4 ...
INFO:root:get citations info: done in 13.784s.
INFO:root:Beginning multiprocessing for PRE-EXISTING docs
DEBUG:root:retrieved list of Bio documents to work with
INFO:root:Done assembling lemmas and nes: done in 0.356s.
INFO:root:Execute everything: done in 0.365s.
INFO:root: * Generated json for LSA visualization !
